<?xml version="1.0" encoding="UTF-8"?>
<testsuite name="Tests" tests="1" skipped="0" failures="0" errors="0" timestamp="2020-10-31T20:44:24" hostname="ANNWITT-PRV" time="0.016">
  <properties/>
  <testcase name="testSolution" classname="Tests" time="0.016"/>
  <system-out><![CDATA[]]></system-out>
  <system-err><![CDATA[]]></system-err>
</testsuite>
